<?xml version="1.0" encoding="UTF-8"?>
<!-- Generated by org.testng.reporters.JUnitReportReporter -->
<testsuite hostname="DESKTOP-1OP5P5D" name="TryJenkinsHW.TestSuite" tests="1" failures="0" timestamp="24 Apr 2018 16:26:15 GMT" time="7.567" errors="0">
  <testcase name="userShouldBeAbleToNavigateOnElectronicsCategoryPage" time="7.567" classname="TryJenkinsHW.TestSuite"/>
</testsuite> <!-- TryJenkinsHW.TestSuite -->
